<?xml version="1.0" encoding="UTF-8"?>
<testsuite xmlns:xsi="http://www.w3.org/2001/XMLSchema-instance" xsi:noNamespaceSchemaLocation="https://maven.apache.org/surefire/maven-surefire-plugin/xsd/surefire-test-report.xsd" name="genericmapper.MapperGeneratorTest" time="0.352" tests="25" errors="0" skipped="0" failures="0">
  <properties>
    <property name="gopherProxySet" value="false"/>
    <property name="awt.toolkit" value="sun.lwawt.macosx.LWCToolkit"/>
    <property name="java.specification.version" value="11"/>
    <property name="sun.cpu.isalist" value=""/>
    <property name="sun.jnu.encoding" value="UTF-8"/>
    <property name="java.class.path" value="/Users/joel/IdeaProjects/prj2-2021-prj2-2021-03/Implementation/genericmapper22/target/test-classes:/Users/joel/IdeaProjects/prj2-2021-prj2-2021-03/Implementation/genericmapper22/target/classes:/Users/joel/.m2/repository/nl/fontys/sebivenlo/sebiannotations/1.0-SNAPSHOT/sebiannotations-1.0-SNAPSHOT.jar:/Users/joel/.m2/repository/org/assertj/assertj-core/3.18.1/assertj-core-3.18.1.jar:/Users/joel/.m2/repository/org/mockito/mockito-core/3.5.13/mockito-core-3.5.13.jar:/Users/joel/.m2/repository/net/bytebuddy/byte-buddy/1.10.15/byte-buddy-1.10.15.jar:/Users/joel/.m2/repository/net/bytebuddy/byte-buddy-agent/1.10.15/byte-buddy-agent-1.10.15.jar:/Users/joel/.m2/repository/org/objenesis/objenesis/3.1/objenesis-3.1.jar:/Users/joel/.m2/repository/org/mockito/mockito-junit-jupiter/3.5.13/mockito-junit-jupiter-3.5.13.jar:/Users/joel/.m2/repository/org/junit/jupiter/junit-jupiter-api/5.7.0/junit-jupiter-api-5.7.0.jar:/Users/joel/.m2/repository/org/apiguardian/apiguardian-api/1.1.0/apiguardian-api-1.1.0.jar:/Users/joel/.m2/repository/org/opentest4j/opentest4j/1.2.0/opentest4j-1.2.0.jar:/Users/joel/.m2/repository/org/junit/platform/junit-platform-commons/1.7.0/junit-platform-commons-1.7.0.jar:/Users/joel/.m2/repository/org/junit/jupiter/junit-jupiter-params/5.7.0/junit-jupiter-params-5.7.0.jar:/Users/joel/.m2/repository/org/junit/jupiter/junit-jupiter-engine/5.7.0/junit-jupiter-engine-5.7.0.jar:/Users/joel/.m2/repository/org/junit/platform/junit-platform-engine/1.7.0/junit-platform-engine-1.7.0.jar:"/>
    <property name="java.vm.vendor" value="AdoptOpenJDK"/>
    <property name="sun.arch.data.model" value="64"/>
    <property name="java.vendor.url" value="https://adoptopenjdk.net/"/>
    <property name="user.timezone" value=""/>
    <property name="java.vm.specification.version" value="11"/>
    <property name="os.name" value="Mac OS X"/>
    <property name="user.country" value="GB"/>
    <property name="sun.java.launcher" value="SUN_STANDARD"/>
    <property name="sun.boot.library.path" value="/Library/Java/JavaVirtualMachines/adoptopenjdk-11.jdk/Contents/Home/lib"/>
    <property name="sun.java.command" value="/Users/joel/IdeaProjects/prj2-2021-prj2-2021-03/Implementation/genericmapper22/target/surefire/surefirebooter1703037749050380624.jar /Users/joel/IdeaProjects/prj2-2021-prj2-2021-03/Implementation/genericmapper22/target/surefire 2021-04-13T11-34-37_745-jvmRun1 surefire2805253951602927322tmp surefire_1541139367019515906tmp"/>
    <property name="jdk.debug" value="release"/>
    <property name="surefire.test.class.path" value="/Users/joel/IdeaProjects/prj2-2021-prj2-2021-03/Implementation/genericmapper22/target/test-classes:/Users/joel/IdeaProjects/prj2-2021-prj2-2021-03/Implementation/genericmapper22/target/classes:/Users/joel/.m2/repository/nl/fontys/sebivenlo/sebiannotations/1.0-SNAPSHOT/sebiannotations-1.0-SNAPSHOT.jar:/Users/joel/.m2/repository/org/assertj/assertj-core/3.18.1/assertj-core-3.18.1.jar:/Users/joel/.m2/repository/org/mockito/mockito-core/3.5.13/mockito-core-3.5.13.jar:/Users/joel/.m2/repository/net/bytebuddy/byte-buddy/1.10.15/byte-buddy-1.10.15.jar:/Users/joel/.m2/repository/net/bytebuddy/byte-buddy-agent/1.10.15/byte-buddy-agent-1.10.15.jar:/Users/joel/.m2/repository/org/objenesis/objenesis/3.1/objenesis-3.1.jar:/Users/joel/.m2/repository/org/mockito/mockito-junit-jupiter/3.5.13/mockito-junit-jupiter-3.5.13.jar:/Users/joel/.m2/repository/org/junit/jupiter/junit-jupiter-api/5.7.0/junit-jupiter-api-5.7.0.jar:/Users/joel/.m2/repository/org/apiguardian/apiguardian-api/1.1.0/apiguardian-api-1.1.0.jar:/Users/joel/.m2/repository/org/opentest4j/opentest4j/1.2.0/opentest4j-1.2.0.jar:/Users/joel/.m2/repository/org/junit/platform/junit-platform-commons/1.7.0/junit-platform-commons-1.7.0.jar:/Users/joel/.m2/repository/org/junit/jupiter/junit-jupiter-params/5.7.0/junit-jupiter-params-5.7.0.jar:/Users/joel/.m2/repository/org/junit/jupiter/junit-jupiter-engine/5.7.0/junit-jupiter-engine-5.7.0.jar:/Users/joel/.m2/repository/org/junit/platform/junit-platform-engine/1.7.0/junit-platform-engine-1.7.0.jar:"/>
    <property name="sun.cpu.endian" value="little"/>
    <property name="user.home" value="/Users/joel"/>
    <property name="user.language" value="en"/>
    <property name="java.specification.vendor" value="Oracle Corporation"/>
    <property name="java.version.date" value="2021-01-19"/>
    <property name="java.home" value="/Library/Java/JavaVirtualMachines/adoptopenjdk-11.jdk/Contents/Home"/>
    <property name="file.separator" value="/"/>
    <property name="basedir" value="/Users/joel/IdeaProjects/prj2-2021-prj2-2021-03/Implementation/genericmapper22"/>
    <property name="java.vm.compressedOopsMode" value="Zero based"/>
    <property name="line.separator" value="&#10;"/>
    <property name="java.specification.name" value="Java Platform API Specification"/>
    <property name="java.vm.specification.vendor" value="Oracle Corporation"/>
    <property name="java.awt.graphicsenv" value="sun.awt.CGraphicsEnvironment"/>
    <property name="surefire.real.class.path" value="/Users/joel/IdeaProjects/prj2-2021-prj2-2021-03/Implementation/genericmapper22/target/surefire/surefirebooter1703037749050380624.jar"/>
    <property name="sun.management.compiler" value="HotSpot 64-Bit Tiered Compilers"/>
    <property name="java.runtime.version" value="11.0.10+9"/>
    <property name="user.name" value="joel"/>
    <property name="path.separator" value=":"/>
    <property name="os.version" value="10.16"/>
    <property name="java.runtime.name" value="OpenJDK Runtime Environment"/>
    <property name="file.encoding" value="UTF-8"/>
    <property name="java.vm.name" value="OpenJDK 64-Bit Server VM"/>
    <property name="java.vendor.version" value="AdoptOpenJDK"/>
    <property name="maven.ext.class.path" value="/Applications/NetBeans/Apache NetBeans 12.2.app/Contents/Resources/NetBeans/netbeans/java/maven-nblib/netbeans-eventspy.jar"/>
    <property name="localRepository" value="/Users/joel/.m2/repository"/>
    <property name="java.vendor.url.bug" value="https://github.com/AdoptOpenJDK/openjdk-support/issues"/>
    <property name="java.io.tmpdir" value="/var/folders/sc/1x6yxsr52tb89s29hv_fggqm0000gn/T/"/>
    <property name="java.version" value="11.0.10"/>
    <property name="user.dir" value="/Users/joel/IdeaProjects/prj2-2021-prj2-2021-03/Implementation/genericmapper22"/>
    <property name="os.arch" value="x86_64"/>
    <property name="java.vm.specification.name" value="Java Virtual Machine Specification"/>
    <property name="java.awt.printerjob" value="sun.lwawt.macosx.CPrinterJob"/>
    <property name="sun.os.patch.level" value="unknown"/>
    <property name="java.library.path" value="/Users/joel/Library/Java/Extensions:/Library/Java/Extensions:/Network/Library/Java/Extensions:/System/Library/Java/Extensions:/usr/lib/java:."/>
    <property name="java.vm.info" value="mixed mode"/>
    <property name="java.vendor" value="AdoptOpenJDK"/>
    <property name="java.vm.version" value="11.0.10+9"/>
    <property name="sun.io.unicode.encoding" value="UnicodeBig"/>
    <property name="java.class.version" value="55.0"/>
  </properties>
  <testcase name="t0CodeLine{int, String[]}[1]" classname="genericmapper.MapperGeneratorTest" time="0.152"/>
  <testcase name="t0CodeLine{int, String[]}[2]" classname="genericmapper.MapperGeneratorTest" time="0.006"/>
  <testcase name="t0CodeLine{int, String[]}[3]" classname="genericmapper.MapperGeneratorTest" time="0.004"/>
  <testcase name="t0CodeLine{int, String[]}[4]" classname="genericmapper.MapperGeneratorTest" time="0.004"/>
  <testcase name="t0CodeLine{int, String[]}[5]" classname="genericmapper.MapperGeneratorTest" time="0.004"/>
  <testcase name="t0CodeLine{int, String[]}[6]" classname="genericmapper.MapperGeneratorTest" time="0.005"/>
  <testcase name="t0CodeLine{int, String[]}[7]" classname="genericmapper.MapperGeneratorTest" time="0.004"/>
  <testcase name="t0CodeLine{int, String[]}[8]" classname="genericmapper.MapperGeneratorTest" time="0.005"/>
  <testcase name="t0CodeLine{int, String[]}[9]" classname="genericmapper.MapperGeneratorTest" time="0.004"/>
  <testcase name="t0CodeLine{int, String[]}[10]" classname="genericmapper.MapperGeneratorTest" time="0.004"/>
  <testcase name="t0CodeLine{int, String[]}[11]" classname="genericmapper.MapperGeneratorTest" time="0.006"/>
  <testcase name="t0CodeLine{int, String[]}[12]" classname="genericmapper.MapperGeneratorTest" time="0.004"/>
  <testcase name="t0CodeLine{int, String[]}[13]" classname="genericmapper.MapperGeneratorTest" time="0.006"/>
  <testcase name="t0CodeLine{int, String[]}[14]" classname="genericmapper.MapperGeneratorTest" time="0.004"/>
  <testcase name="t0CodeLine{int, String[]}[15]" classname="genericmapper.MapperGeneratorTest" time="0.004"/>
  <testcase name="t0CodeLine{int, String[]}[16]" classname="genericmapper.MapperGeneratorTest" time="0.003"/>
  <testcase name="t0CodeLine{int, String[]}[17]" classname="genericmapper.MapperGeneratorTest" time="0.004"/>
  <testcase name="t0CodeLine{int, String[]}[18]" classname="genericmapper.MapperGeneratorTest" time="0.004"/>
  <testcase name="t0CodeLine{int, String[]}[19]" classname="genericmapper.MapperGeneratorTest" time="0.003"/>
  <testcase name="t1Getters" classname="genericmapper.MapperGeneratorTest" time="0.001"/>
  <testcase name="t2countBraces{char, char}[1]" classname="genericmapper.MapperGeneratorTest" time="0.007"/>
  <testcase name="t2countBraces{char, char}[2]" classname="genericmapper.MapperGeneratorTest" time="0.001"/>
  <testcase name="t2countBraces{char, char}[3]" classname="genericmapper.MapperGeneratorTest" time="0.002"/>
  <testcase name="t3MainCausesNoProblems" classname="genericmapper.MapperGeneratorTest" time="0.006"/>
  <testcase name="tGenerateTutorMapper" classname="genericmapper.MapperGeneratorTest" time="0.004"/>
</testsuite>